c:\users\administrator\source\repos\p02\p02\debug\vc141.pdb
c:\users\administrator\source\repos\p02\p02\debug\vc141.idb
c:\users\administrator\source\repos\p02\p02\debug\vec2.obj
c:\users\administrator\source\repos\p02\p02\debug\mat4.obj
c:\users\administrator\source\repos\p02\p02\debug\vec4.obj
c:\users\administrator\source\repos\p02\p02\debug\main.obj
c:\users\administrator\source\repos\p02\p02\debug\meshgenerator.obj
c:\users\administrator\source\repos\p02\p02\debug\shaderbase.obj
c:\users\administrator\source\repos\p02\p02\debug\meshshader.obj
c:\users\administrator\source\repos\p02\p02\debug\device.obj
c:\users\administrator\source\repos\p02\p02\debug\demo.obj
c:\users\administrator\source\repos\p02\p02\debug\objreader.obj
c:\users\administrator\source\repos\p02\p02\debug\util.obj
c:\users\administrator\source\repos\p02\p02\debug\devicecontext.obj
c:\users\administrator\source\repos\p02\p02\debug\light.obj
c:\users\administrator\source\repos\p02\p02\debug\material.obj
c:\users\administrator\source\repos\p02\p02\debug\shader.obj
c:\users\administrator\source\repos\p02\p02\debug\texturereader.obj
c:\users\administrator\source\repos\p02\p02\debug\camera.obj
c:\users\administrator\source\repos\p02\debug\p02.exe
c:\users\administrator\source\repos\p02\debug\p02.ilk
c:\users\administrator\source\repos\p02\debug\p02.pdb
c:\users\administrator\source\repos\p02\p02\debug\devicecontext.obj.enc
c:\users\administrator\source\repos\p02\p02\debug\p02.tlog\cl.command.1.tlog
c:\users\administrator\source\repos\p02\p02\debug\p02.tlog\cl.read.1.tlog
c:\users\administrator\source\repos\p02\p02\debug\p02.tlog\cl.write.1.tlog
c:\users\administrator\source\repos\p02\p02\debug\p02.tlog\link.command.1.tlog
c:\users\administrator\source\repos\p02\p02\debug\p02.tlog\link.read.1.tlog
c:\users\administrator\source\repos\p02\p02\debug\p02.tlog\link.write.1.tlog
