d:\vsproj\p02\p02\x64\debug\vc142.pdb
d:\vsproj\p02\p02\x64\debug\vc142.idb
d:\vsproj\p02\p02\x64\debug\shader.obj
d:\vsproj\p02\p02\x64\debug\devicecontext.obj
d:\vsproj\p02\p02\x64\debug\util.obj
d:\vsproj\p02\p02\x64\debug\main.obj
d:\vsproj\p02\p02\x64\debug\objreader.obj
d:\vsproj\p02\p02\x64\debug\vec4.obj
d:\vsproj\p02\p02\x64\debug\light.obj
d:\vsproj\p02\p02\x64\debug\device.obj
d:\vsproj\p02\p02\x64\debug\demo.obj
d:\vsproj\p02\p02\x64\debug\texturereader.obj
d:\vsproj\p02\p02\x64\debug\texture.obj
d:\vsproj\p02\p02\x64\debug\mat4.obj
d:\vsproj\p02\p02\x64\debug\mat3.obj
d:\vsproj\p02\p02\x64\debug\camera.obj
d:\vsproj\p02\p02\x64\debug\material.obj
d:\vsproj\p02\p02\x64\debug\vec3.obj
d:\vsproj\p02\p02\x64\debug\vec2.obj
d:\vsproj\p02\x64\debug\p02.exe
d:\vsproj\p02\p02\x64\debug\p02.ilk
d:\vsproj\p02\x64\debug\p02.pdb
d:\vsproj\p02\p02\x64\debug\p02.tlog\cl.command.1.tlog
d:\vsproj\p02\p02\x64\debug\p02.tlog\cl.read.1.tlog
d:\vsproj\p02\p02\x64\debug\p02.tlog\cl.write.1.tlog
d:\vsproj\p02\p02\x64\debug\p02.tlog\link.command.1.tlog
d:\vsproj\p02\p02\x64\debug\p02.tlog\link.read.1.tlog
d:\vsproj\p02\p02\x64\debug\p02.tlog\link.write.1.tlog
